<?xml version="1.0" encoding="UTF-8"?>
<!-- Generated by org.testng.reporters.JUnitXMLReporter -->
<testsuite ignored="0" hostname="Sai" failures="0" tests="3" name="SubmitOrderTest" time="83.902" errors="0" timestamp="2025-11-23T22:56:52 IST">
  <testcase classname="Saikiran_test.MainTest.SubmitOrderTest" name="submitOrder" time="16.866"/>
  <testcase classname="Saikiran_test.MainTest.SubmitOrderTest" name="submitOrder" time="18.03"/>
  <testcase classname="Saikiran_test.MainTest.SubmitOrderTest" name="orderpage" time="2.212"/>
</testsuite> <!-- SubmitOrderTest -->
