<?xml version="1.0" encoding="UTF-8"?>
<!-- Generated by org.testng.reporters.JUnitReportReporter -->
<testsuite hostname="Sai" failures="0" tests="3" name="Saikiran_test.MainTest.SubmitOrderTest" time="83.200" errors="0" timestamp="2025-11-23T22:56:53 IST" skipped="0">
  <testcase classname="Saikiran_test.MainTest.SubmitOrderTest" name="submitOrder" time="27.966"/>
  <testcase classname="Saikiran_test.MainTest.SubmitOrderTest" name="submitOrder" time="26.686"/>
  <testcase classname="Saikiran_test.MainTest.SubmitOrderTest" name="orderpage" time="28.548"/>
</testsuite> <!-- Saikiran_test.MainTest.SubmitOrderTest -->
